[2016-03-16 18:28:23] slim-app.INFO: Slim-Skeleton '/' route [] {"uid":"66c03da"}
[2016-03-16 18:28:29] slim-app.INFO: Slim-Skeleton '/' route [] {"uid":"64f3e42"}
[2016-03-16 18:29:10] slim-app.INFO: Slim-Skeleton '/' route [] {"uid":"786d7e7"}
[2016-03-16 18:29:57] slim-app.INFO: Slim-Skeleton '/' route [] {"uid":"1e7a650"}
[2016-03-16 18:30:05] slim-app.INFO: Slim-Skeleton '/' route [] {"uid":"53db751"}
[2016-03-16 18:30:16] slim-app.INFO: Slim-Skeleton '/' route [] {"uid":"6fbd389"}
[2016-03-16 18:30:48] slim-app.INFO: Slim-Skeleton '/' route [] {"uid":"0017db4"}
[2016-03-16 18:31:01] slim-app.INFO: Slim-Skeleton '/' route [] {"uid":"3b98e0f"}
[2016-03-16 18:31:23] slim-app.INFO: Slim-Skeleton '/' route [] {"uid":"7a8086f"}
[2016-03-16 18:31:23] slim-app.INFO: Slim-Skeleton '/' route [] {"uid":"4e025e9"}
[2016-03-16 18:33:36] slim-app.INFO: Slim-Skeleton '/' route [] {"uid":"0f8fca5"}
[2016-03-16 18:34:43] slim-app.INFO: Slim-Skeleton '/' route [] {"uid":"ff24aba"}
[2016-03-16 18:34:53] slim-app.INFO: Slim-Skeleton '/' route [] {"uid":"a7fb18f"}
[2016-03-16 18:35:02] slim-app.INFO: Slim-Skeleton '/' route [] {"uid":"0658ad7"}
[2016-03-16 18:35:15] slim-app.INFO: Slim-Skeleton '/' route [] {"uid":"54d4801"}
[2016-03-16 18:36:28] slim-app.INFO: Slim-Skeleton '/' route [] {"uid":"284b752"}
[2016-03-16 18:37:23] slim-app.INFO: Slim-Skeleton '/' route [] {"uid":"3734108"}
[2016-03-16 18:37:33] slim-app.INFO: Slim-Skeleton '/' route [] {"uid":"f4f0a58"}
[2016-03-16 18:37:33] slim-app.INFO: Slim-Skeleton '/' route [] {"uid":"40fecfd"}
[2016-03-16 18:37:43] slim-app.INFO: Slim-Skeleton '/' route [] {"uid":"b35133f"}
[2016-03-16 18:38:00] slim-app.INFO: Slim-Skeleton '/' route [] {"uid":"3a35c83"}
[2016-03-16 18:38:01] slim-app.INFO: Slim-Skeleton '/' route [] {"uid":"60fd3c6"}
[2016-03-16 18:38:23] slim-app.INFO: Slim-Skeleton '/' route [] {"uid":"402c832"}
[2016-03-16 18:38:34] slim-app.INFO: Slim-Skeleton '/' route [] {"uid":"03c3404"}
[2016-03-16 18:38:35] slim-app.INFO: Slim-Skeleton '/' route [] {"uid":"515c263"}
[2016-03-16 18:49:29] slim-app.INFO: India '/' home [] {"uid":"0153eff"}
[2016-03-16 19:20:22] slim-app.INFO: India '/' home [] {"uid":"7307141"}
[2016-03-16 19:20:26] slim-app.INFO: India '/' home [] {"uid":"0a3b760"}
[2016-03-16 19:21:08] slim-app.INFO: India '/' home [] {"uid":"3175750"}
[2016-03-16 19:21:11] slim-app.INFO: India '/' home [] {"uid":"469cd26"}
[2016-03-16 19:28:36] slim-app.INFO: India '/' home [] {"uid":"ccde66d"}
[2016-03-16 19:31:09] slim-app.INFO: India '/' home [] {"uid":"2c93c98"}
[2016-03-16 19:31:36] slim-app.INFO: India '/' home [] {"uid":"add8066"}
[2016-03-16 19:31:36] slim-app.INFO: India '/' home [] {"uid":"91fc07a"}
[2016-03-16 19:32:37] slim-app.INFO: India '/' home [] {"uid":"bce05c8"}
[2016-03-16 19:33:08] slim-app.INFO: India '/' home [] {"uid":"c68b852"}
[2016-03-16 19:34:01] slim-app.INFO: India '/' home [] {"uid":"adf3ebd"}
[2016-03-16 19:34:41] slim-app.INFO: India '/' home [] {"uid":"71e1a33"}
[2016-03-16 19:35:12] slim-app.INFO: India '/' home [] {"uid":"57b8587"}
[2016-03-16 19:35:13] slim-app.INFO: India '/' home [] {"uid":"075e667"}
[2016-03-16 19:35:13] slim-app.INFO: India '/' home [] {"uid":"2d30fa0"}
[2016-03-16 19:35:15] slim-app.INFO: India '/' work [] {"uid":"09161cd"}
[2016-03-16 19:35:16] slim-app.INFO: India '/' home [] {"uid":"98f79c5"}
[2016-03-16 19:36:54] slim-app.INFO: India '/' work [] {"uid":"05a5107"}
[2016-03-16 19:36:54] slim-app.INFO: India '/' home [] {"uid":"1efe600"}
[2016-03-16 19:36:55] slim-app.INFO: India '/' work [] {"uid":"360382d"}
[2016-03-16 19:36:55] slim-app.INFO: India '/' home [] {"uid":"431939d"}
[2016-03-16 19:37:06] slim-app.INFO: India '/' work [] {"uid":"322c2f7"}
[2016-03-16 19:37:06] slim-app.INFO: India '/' home [] {"uid":"d5048c4"}
[2016-03-16 19:37:42] slim-app.INFO: India '/' work [] {"uid":"54ce23a"}
[2016-03-16 19:37:42] slim-app.INFO: India '/' home [] {"uid":"4ca63da"}
[2016-03-16 19:37:42] slim-app.INFO: India '/' work [] {"uid":"f1d5ffa"}
[2016-03-16 19:37:43] slim-app.INFO: India '/' home [] {"uid":"c646b39"}
[2016-03-16 19:38:29] slim-app.INFO: India '/' work [] {"uid":"9bd27f2"}
[2016-03-16 19:38:29] slim-app.INFO: India '/' home [] {"uid":"2287424"}
[2016-03-16 19:38:45] slim-app.INFO: India '/' work [] {"uid":"204033a"}
[2016-03-16 19:38:45] slim-app.INFO: India '/' home [] {"uid":"ae5db60"}
[2016-03-16 19:38:50] slim-app.INFO: India '/' work [] {"uid":"35d0942"}
[2016-03-16 19:38:50] slim-app.INFO: India '/' home [] {"uid":"7264ea5"}
[2016-03-16 19:38:51] slim-app.INFO: India '/' work [] {"uid":"9b327b2"}
[2016-03-16 19:38:51] slim-app.INFO: India '/' home [] {"uid":"d8469bd"}
[2016-03-16 19:39:03] slim-app.INFO: India '/' work [] {"uid":"3c440ef"}
[2016-03-16 19:39:03] slim-app.INFO: India '/' home [] {"uid":"80c25ed"}
[2016-03-16 19:39:04] slim-app.INFO: India '/' work [] {"uid":"10b5140"}
[2016-03-16 19:39:04] slim-app.INFO: India '/' home [] {"uid":"292d5b5"}
[2016-03-16 19:39:11] slim-app.INFO: India '/' work [] {"uid":"b54d589"}
[2016-03-16 19:39:11] slim-app.INFO: India '/' home [] {"uid":"14277fd"}
[2016-03-16 19:39:22] slim-app.INFO: India '/' work [] {"uid":"ef9aa24"}
[2016-03-16 19:39:22] slim-app.INFO: India '/' home [] {"uid":"a4779a9"}
[2016-03-16 19:39:26] slim-app.INFO: India '/' work [] {"uid":"c4dcc7b"}
[2016-03-16 19:39:26] slim-app.INFO: India '/' home [] {"uid":"dde5019"}
[2016-03-16 19:40:00] slim-app.INFO: India '/' work [] {"uid":"02be6e2"}
[2016-03-16 19:40:00] slim-app.INFO: India '/' home [] {"uid":"fcf7989"}
[2016-03-16 19:40:10] slim-app.INFO: India '/' work [] {"uid":"66fb881"}
[2016-03-16 19:40:10] slim-app.INFO: India '/' home [] {"uid":"3741226"}
[2016-03-16 19:40:20] slim-app.INFO: India '/' work [] {"uid":"8752a67"}
[2016-03-16 19:40:20] slim-app.INFO: India '/' home [] {"uid":"0b57323"}
[2016-03-16 19:40:43] slim-app.INFO: India '/' work [] {"uid":"bc9731b"}
[2016-03-16 19:40:43] slim-app.INFO: India '/' home [] {"uid":"4ed3be5"}
[2016-03-16 19:40:57] slim-app.INFO: India '/' work [] {"uid":"c8902b9"}
[2016-03-16 19:40:58] slim-app.INFO: India '/' home [] {"uid":"aeacbb5"}
[2016-03-16 19:41:02] slim-app.INFO: India '/' work [] {"uid":"3761a13"}
[2016-03-16 19:41:02] slim-app.INFO: India '/' home [] {"uid":"fc96cd0"}
[2016-03-16 19:41:21] slim-app.INFO: India '/' work [] {"uid":"ea5cfd9"}
[2016-03-16 19:41:21] slim-app.INFO: India '/' home [] {"uid":"84cb924"}
[2016-03-16 19:41:27] slim-app.INFO: India '/' work [] {"uid":"e99bc87"}
[2016-03-16 19:41:27] slim-app.INFO: India '/' home [] {"uid":"b273aa0"}
[2016-03-16 19:41:38] slim-app.INFO: India '/' work [] {"uid":"b39471d"}
[2016-03-16 19:41:38] slim-app.INFO: India '/' home [] {"uid":"9651aae"}
[2016-03-16 19:41:39] slim-app.INFO: India '/' work [] {"uid":"6b7db9a"}
[2016-03-16 19:41:39] slim-app.INFO: India '/' home [] {"uid":"73e57b0"}
[2016-03-16 19:41:40] slim-app.INFO: India '/' work [] {"uid":"fd2a138"}
[2016-03-16 19:41:40] slim-app.INFO: India '/' home [] {"uid":"94b2dc4"}
[2016-03-16 19:41:40] slim-app.INFO: India '/' work [] {"uid":"25ad790"}
[2016-03-16 19:41:40] slim-app.INFO: India '/' home [] {"uid":"af1dc25"}
[2016-03-16 19:41:40] slim-app.INFO: India '/' work [] {"uid":"6b8ce44"}
[2016-03-16 19:41:40] slim-app.INFO: India '/' home [] {"uid":"e96b51b"}
[2016-03-16 19:41:40] slim-app.INFO: India '/' work [] {"uid":"9bbd4f1"}
[2016-03-16 19:41:40] slim-app.INFO: India '/' home [] {"uid":"dfbd34c"}
[2016-03-16 19:41:40] slim-app.INFO: India '/' work [] {"uid":"a6c0fe6"}
[2016-03-16 19:41:40] slim-app.INFO: India '/' home [] {"uid":"8620643"}
[2016-03-16 19:41:41] slim-app.INFO: India '/' work [] {"uid":"d7362c8"}
[2016-03-16 19:41:41] slim-app.INFO: India '/' home [] {"uid":"8d41d69"}
[2016-03-16 19:41:50] slim-app.INFO: India '/' work [] {"uid":"0baeede"}
[2016-03-16 19:41:50] slim-app.INFO: India '/' home [] {"uid":"e8b72d5"}
[2016-03-16 19:42:04] slim-app.INFO: India '/' work [] {"uid":"7234a67"}
[2016-03-16 19:42:04] slim-app.INFO: India '/' home [] {"uid":"e484433"}
[2016-03-16 19:42:12] slim-app.INFO: India '/' work [] {"uid":"db539cc"}
[2016-03-16 19:42:12] slim-app.INFO: India '/' home [] {"uid":"9942462"}
[2016-03-16 19:42:27] slim-app.INFO: India '/' work [] {"uid":"9938189"}
[2016-03-16 19:42:28] slim-app.INFO: India '/' home [] {"uid":"30b9864"}
[2016-03-16 19:42:58] slim-app.INFO: India '/' work [] {"uid":"0e3f7e0"}
[2016-03-16 19:42:58] slim-app.INFO: India '/' home [] {"uid":"7abec16"}
[2016-03-16 19:43:05] slim-app.INFO: India '/' work [] {"uid":"917b53c"}
[2016-03-16 19:43:06] slim-app.INFO: India '/' home [] {"uid":"d3ce0ed"}
[2016-03-16 19:43:10] slim-app.INFO: India '/' home [] {"uid":"e7d743d"}
[2016-03-16 19:43:10] slim-app.INFO: India '/' home [] {"uid":"8f53449"}
[2016-03-16 19:43:10] slim-app.INFO: India '/' home [] {"uid":"748d807"}
[2016-03-16 19:43:36] slim-app.INFO: India '/' home [] {"uid":"e6aacce"}
[2016-03-16 19:43:36] slim-app.INFO: India '/' work [] {"uid":"44ec791"}
[2016-03-16 19:43:36] slim-app.INFO: India '/' home [] {"uid":"70496ab"}
[2016-03-16 19:43:36] slim-app.INFO: India '/' home [] {"uid":"b35552f"}
[2016-03-16 19:45:47] slim-app.INFO: India '/' home [] {"uid":"d20a309"}
[2016-03-16 19:45:47] slim-app.INFO: India '/' work [] {"uid":"be067ef"}
[2016-03-16 19:45:47] slim-app.INFO: India '/' home [] {"uid":"f2847ae"}
[2016-03-16 19:45:47] slim-app.INFO: India '/' home [] {"uid":"de42ef0"}
[2016-03-16 19:45:50] slim-app.INFO: India '/' home [] {"uid":"ed4f73d"}
[2016-03-16 19:52:06] slim-app.INFO: India '/' home [] {"uid":"5bf829e"}
[2016-03-16 19:52:07] slim-app.INFO: India '/' work [] {"uid":"fd272a5"}
[2016-03-16 19:52:07] slim-app.INFO: India '/' home [] {"uid":"6e934b4"}
[2016-03-16 19:52:07] slim-app.INFO: India '/' home [] {"uid":"06c2c06"}
[2016-03-16 19:52:07] slim-app.INFO: India '/' home [] {"uid":"193ff7a"}
[2016-03-16 19:52:28] slim-app.INFO: India '/' home [] {"uid":"d518b93"}
[2016-03-16 19:52:28] slim-app.INFO: India '/' work [] {"uid":"2670931"}
[2016-03-16 19:52:28] slim-app.INFO: India '/' pages all [] {"uid":"1b45a41"}
[2016-03-16 19:52:28] slim-app.INFO: India '/' home [] {"uid":"f43c7ee"}
[2016-03-16 19:52:28] slim-app.INFO: India '/' home [] {"uid":"c69d752"}
[2016-03-16 19:52:37] slim-app.INFO: India '/' home [] {"uid":"c530e1a"}
[2016-03-16 19:52:37] slim-app.INFO: India '/' work [] {"uid":"06b5ea4"}
[2016-03-16 19:52:37] slim-app.INFO: India '/' pages all [] {"uid":"d2cf2a0"}
[2016-03-16 19:52:37] slim-app.INFO: India '/' home [] {"uid":"df1d2d6"}
[2016-03-16 19:52:37] slim-app.INFO: India '/' home [] {"uid":"68b8e1d"}
[2016-03-16 19:52:41] slim-app.INFO: India '/' pages all [] {"uid":"c17391d"}
[2016-03-16 19:52:41] slim-app.INFO: India '/' home [] {"uid":"59e8158"}
[2016-03-16 19:53:00] slim-app.INFO: India '/' pages all [] {"uid":"1a8e84a"}
[2016-03-16 19:53:00] slim-app.INFO: India '/' home [] {"uid":"b86f286"}
[2016-03-16 19:53:05] slim-app.INFO: India '/' pages all [] {"uid":"374caa3"}
[2016-03-16 19:53:06] slim-app.INFO: India '/' home [] {"uid":"e776412"}
[2016-03-16 19:53:10] slim-app.INFO: India '/' pages all [] {"uid":"4a029fa"}
[2016-03-16 19:53:10] slim-app.INFO: India '/' home [] {"uid":"c56db13"}
[2016-03-16 19:53:13] slim-app.INFO: India '/' home [] {"uid":"c100433"}
[2016-03-16 19:53:13] slim-app.INFO: India '/' work [] {"uid":"f6a051e"}
[2016-03-16 19:53:13] slim-app.INFO: India '/' pages all [] {"uid":"a101e53"}
[2016-03-16 19:53:13] slim-app.INFO: India '/' home [] {"uid":"d505f9b"}
[2016-03-16 19:53:14] slim-app.INFO: India '/' work [] {"uid":"cd2850c"}
[2016-03-16 19:53:14] slim-app.INFO: India '/' pages all [] {"uid":"c2cbf85"}
[2016-03-16 19:53:14] slim-app.INFO: India '/' home [] {"uid":"73eb92f"}
[2016-03-16 19:53:14] slim-app.INFO: India '/' home [] {"uid":"a6337ff"}
[2016-03-16 19:53:17] slim-app.INFO: India '/' home [] {"uid":"239be8c"}
[2016-03-16 19:53:21] slim-app.INFO: India '/' home [] {"uid":"0a84bfe"}
[2016-03-16 19:54:04] slim-app.INFO: India '/' pages [] {"uid":"6acd0ee"}
[2016-03-16 19:54:04] slim-app.INFO: India '/' home [] {"uid":"24d35f4"}
[2016-03-16 19:54:58] slim-app.INFO: India '/' pages [] {"uid":"c274de3"}
[2016-03-16 19:54:59] slim-app.INFO: India '/' home [] {"uid":"cbf4692"}
[2016-03-16 19:55:05] slim-app.INFO: India '/' pages [] {"uid":"ca8c4a5"}
[2016-03-16 19:55:05] slim-app.INFO: India '/' home [] {"uid":"29e1d31"}
[2016-03-16 19:55:34] slim-app.INFO: India '/' pages [] {"uid":"aaefb02"}
[2016-03-16 19:55:34] slim-app.INFO: India '/' home [] {"uid":"1b55806"}
[2016-03-16 19:55:41] slim-app.INFO: India '/' pages [] {"uid":"15c0014"}
[2016-03-16 19:55:41] slim-app.INFO: India '/' home [] {"uid":"f9f8334"}
[2016-03-16 19:55:47] slim-app.INFO: India '/' pages [] {"uid":"7537885"}
[2016-03-16 19:55:47] slim-app.INFO: India '/' home [] {"uid":"d4e7860"}
[2016-03-16 19:56:01] slim-app.INFO: India '/' pages [] {"uid":"6ba92a8"}
[2016-03-16 19:56:02] slim-app.INFO: India '/' home [] {"uid":"57bdaa3"}
[2016-03-16 19:56:53] slim-app.INFO: India '/' pages [] {"uid":"a1553af"}
[2016-03-16 19:56:53] slim-app.INFO: India '/' home [] {"uid":"719bb48"}
[2016-03-16 19:57:03] slim-app.INFO: India '/' pages [] {"uid":"885cda9"}
[2016-03-16 19:57:03] slim-app.INFO: India '/' home [] {"uid":"b6e512c"}
[2016-03-16 19:57:20] slim-app.INFO: India '/' pages [] {"uid":"7eada9c"}
[2016-03-16 19:57:21] slim-app.INFO: India '/' home [] {"uid":"4b937ae"}
[2016-03-16 19:57:21] slim-app.INFO: India '/' pages [] {"uid":"48b44bd"}
[2016-03-16 19:57:21] slim-app.INFO: India '/' home [] {"uid":"83dcbd2"}
[2016-03-16 19:57:38] slim-app.INFO: India '/' pages [] {"uid":"10cfb59"}
[2016-03-16 19:57:38] slim-app.INFO: India '/' home [] {"uid":"47e9e47"}
[2016-03-16 19:57:47] slim-app.INFO: India '/' pages [] {"uid":"e0f43c9"}
[2016-03-16 19:57:48] slim-app.INFO: India '/' home [] {"uid":"bf8b257"}
[2016-03-16 19:57:58] slim-app.INFO: India '/' pages [] {"uid":"2e3fe53"}
[2016-03-16 19:57:59] slim-app.INFO: India '/' home [] {"uid":"83197fe"}
[2016-03-16 19:58:16] slim-app.INFO: India '/' pages [] {"uid":"ef1ad00"}
[2016-03-16 19:58:16] slim-app.INFO: India '/' home [] {"uid":"c922882"}
[2016-03-16 19:58:26] slim-app.INFO: India '/' pages [] {"uid":"27903e5"}
[2016-03-16 19:58:26] slim-app.INFO: India '/' home [] {"uid":"5264240"}
[2016-03-16 19:58:37] slim-app.INFO: India '/' pages [] {"uid":"00299a2"}
[2016-03-16 19:58:38] slim-app.INFO: India '/' home [] {"uid":"376be46"}
[2016-03-16 19:58:48] slim-app.INFO: India '/' pages [] {"uid":"34e66a4"}
[2016-03-16 19:58:48] slim-app.INFO: India '/' home [] {"uid":"46397f5"}
[2016-03-16 19:59:04] slim-app.INFO: India '/' pages [] {"uid":"8823f44"}
[2016-03-16 19:59:05] slim-app.INFO: India '/' home [] {"uid":"f854358"}
[2016-03-16 19:59:11] slim-app.INFO: India '/' pages [] {"uid":"837a9c5"}
[2016-03-16 19:59:12] slim-app.INFO: India '/' home [] {"uid":"9b5b0f3"}
[2016-03-16 19:59:30] slim-app.INFO: India '/' pages [] {"uid":"eb6e192"}
[2016-03-16 19:59:30] slim-app.INFO: India '/' home [] {"uid":"e68c6dd"}
[2016-03-16 19:59:40] slim-app.INFO: India '/' pages [] {"uid":"3a65bb0"}
[2016-03-16 19:59:41] slim-app.INFO: India '/' home [] {"uid":"04c1b76"}
[2016-03-16 19:59:52] slim-app.INFO: India '/' pages [] {"uid":"795cf77"}
[2016-03-16 19:59:52] slim-app.INFO: India '/' home [] {"uid":"87f6441"}
[2016-03-16 20:00:05] slim-app.INFO: India '/' pages [] {"uid":"fe0beb0"}
[2016-03-16 20:00:05] slim-app.INFO: India '/' home [] {"uid":"6d19bc9"}
[2016-03-16 20:00:08] slim-app.INFO: India '/' pages [] {"uid":"d33c8d8"}
[2016-03-16 20:00:08] slim-app.INFO: India '/' home [] {"uid":"715d14a"}
[2016-03-16 20:00:11] slim-app.INFO: India '/' pages [] {"uid":"709d5a8"}
[2016-03-16 20:00:11] slim-app.INFO: India '/' home [] {"uid":"fb4922a"}
[2016-03-16 20:00:15] slim-app.INFO: India '/' pages [] {"uid":"00dcb67"}
[2016-03-16 20:00:15] slim-app.INFO: India '/' home [] {"uid":"17a2d8c"}
[2016-03-16 20:00:16] slim-app.INFO: India '/' home [] {"uid":"73aa9d2"}
[2016-03-16 20:00:16] slim-app.INFO: India '/' work [] {"uid":"06b010d"}
[2016-03-16 20:00:16] slim-app.INFO: India '/' pages all [] {"uid":"660bf36"}
[2016-03-16 20:00:16] slim-app.INFO: India '/' home [] {"uid":"de8bc16"}
[2016-03-16 20:00:16] slim-app.INFO: India '/' home [] {"uid":"897b028"}
[2016-03-16 20:00:18] slim-app.INFO: India '/' home [] {"uid":"060de24"}
[2016-03-16 20:00:59] slim-app.INFO: India '/' home [] {"uid":"f86c919"}
[2016-03-16 20:00:59] slim-app.INFO: India '/' work [] {"uid":"a051dff"}
[2016-03-16 20:00:59] slim-app.INFO: India '/' pages all [] {"uid":"630c3f9"}
[2016-03-16 20:00:59] slim-app.INFO: India '/' home [] {"uid":"808c094"}
[2016-03-16 20:00:59] slim-app.INFO: India '/' home [] {"uid":"ee81203"}
[2016-03-16 20:02:48] slim-app.INFO: India '/' home [] {"uid":"a80f401"}
[2016-03-16 20:02:48] slim-app.INFO: India '/' work [] {"uid":"bdc4a9c"}
[2016-03-16 20:02:48] slim-app.INFO: India '/' pages all [] {"uid":"3bf28bf"}
[2016-03-16 20:02:48] slim-app.INFO: India '/' home [] {"uid":"e878438"}
[2016-03-16 20:02:48] slim-app.INFO: India '/' home [] {"uid":"971d675"}
[2016-03-16 20:03:15] slim-app.INFO: India '/' home [] {"uid":"71c3fcc"}
[2016-03-16 20:03:15] slim-app.INFO: India '/' pages all [] {"uid":"2f34e54"}
[2016-03-16 20:03:15] slim-app.INFO: India '/' work [] {"uid":"1f0e7f0"}
[2016-03-16 20:03:15] slim-app.INFO: India '/' home [] {"uid":"75bc221"}
[2016-03-16 20:03:15] slim-app.INFO: India '/' home [] {"uid":"49157de"}
[2016-03-16 20:03:17] slim-app.INFO: India '/' pages [] {"uid":"677affd"}
[2016-03-16 20:03:17] slim-app.INFO: India '/' home [] {"uid":"0fe619f"}
[2016-03-16 20:03:18] slim-app.INFO: India '/' home [] {"uid":"9a45731"}
[2016-03-16 20:03:18] slim-app.INFO: India '/' work [] {"uid":"cb87b89"}
[2016-03-16 20:03:18] slim-app.INFO: India '/' pages all [] {"uid":"c68fe37"}
[2016-03-16 20:03:18] slim-app.INFO: India '/' home [] {"uid":"623f519"}
[2016-03-16 20:03:19] slim-app.INFO: India '/' home [] {"uid":"b26ec87"}
[2016-03-16 20:03:21] slim-app.INFO: India '/' pages [] {"uid":"cac8e83"}
[2016-03-16 20:03:21] slim-app.INFO: India '/' home [] {"uid":"5766f0a"}
[2016-03-16 20:03:23] slim-app.INFO: India '/' home [] {"uid":"12db203"}
[2016-03-16 20:03:23] slim-app.INFO: India '/' work [] {"uid":"8fe8689"}
[2016-03-16 20:03:23] slim-app.INFO: India '/' pages all [] {"uid":"94a9d0e"}
[2016-03-16 20:03:23] slim-app.INFO: India '/' home [] {"uid":"5d10859"}
[2016-03-16 20:03:23] slim-app.INFO: India '/' home [] {"uid":"13077ae"}
